# JRE version: OpenJDK Runtime Environment (8.0_342-b07) (build 1.8.0_342-b07)
# Java VM: OpenJDK 64-Bit Server VM (25.342-b07 mixed mode windows-amd64 compressed oops)
Heap:
 PSYoungGen      total 430080K, used 408576K [0x0000000715f80000, 0x0000000733900000, 0x00000007c0000000)
  eden space 408576K, 100% used [0x0000000715f80000,0x000000072ee80000,0x000000072ee80000)
  from space 21504K, 0% used [0x0000000730380000,0x0000000730380000,0x0000000731880000)
  to   space 21504K, 13% used [0x000000072ee80000,0x000000072f15c808,0x0000000730380000)
 ParOldGen       total 300544K, used 17888K [0x00000005c1e00000, 0x00000005d4380000, 0x0000000715f80000)
  object space 300544K, 5% used [0x00000005c1e00000,0x00000005c2f78150,0x00000005d4380000)
 Metaspace       used 44380K, capacity 46868K, committed 47104K, reserved 1089536K
  class space    used 5896K, capacity 6350K, committed 6400K, reserved 1048576K
GC Heap History (10 events):
Event: 4.945 GC heap before
{Heap before GC invocations=2 (full 0):
 PSYoungGen      total 153088K, used 112504K [0x0000000715f80000, 0x0000000728a80000, 0x00000007c0000000)
  eden space 131584K, 75% used [0x0000000715f80000,0x000000071c0e2f90,0x000000071e000000)
  from space 21504K, 59% used [0x000000071e000000,0x000000071ec7b418,0x000000071f500000)
  to   space 21504K, 0% used [0x0000000727580000,0x0000000727580000,0x0000000728a80000)
 ParOldGen       total 349696K, used 16K [0x00000005c1e00000, 0x00000005d7380000, 0x0000000715f80000)
  object space 349696K, 0% used [0x00000005c1e00000,0x00000005c1e04000,0x00000005d7380000)
 Metaspace       used 20484K, capacity 21218K, committed 21296K, reserved 1067008K
  class space    used 2718K, capacity 2922K, committed 2944K, reserved 1048576K
Event: 4.956 GC heap after
Heap after GC invocations=2 (full 0):
 PSYoungGen      total 284672K, used 11129K [0x0000000715f80000, 0x0000000728a80000, 0x00000007c0000000)
  eden space 263168K, 0% used [0x0000000715f80000,0x0000000715f80000,0x0000000726080000)
  from space 21504K, 51% used [0x0000000727580000,0x000000072805e7f8,0x0000000728a80000)
  to   space 21504K, 0% used [0x0000000726080000,0x0000000726080000,0x0000000727580000)
 ParOldGen       total 349696K, used 24K [0x00000005c1e00000, 0x00000005d7380000, 0x0000000715f80000)
  object space 349696K, 0% used [0x00000005c1e00000,0x00000005c1e06000,0x00000005d7380000)
 Metaspace       used 20484K, capacity 21218K, committed 21296K, reserved 1067008K
  class space    used 2718K, capacity 2922K, committed 2944K, reserved 1048576K
}
Event: 4.956 GC heap before
{Heap before GC invocations=3 (full 1):
 PSYoungGen      total 284672K, used 11129K [0x0000000715f80000, 0x0000000728a80000, 0x00000007c0000000)
  eden space 263168K, 0% used [0x0000000715f80000,0x0000000715f80000,0x0000000726080000)
  from space 21504K, 51% used [0x0000000727580000,0x000000072805e7f8,0x0000000728a80000)
  to   space 21504K, 0% used [0x0000000726080000,0x0000000726080000,0x0000000727580000)
 ParOldGen       total 349696K, used 24K [0x00000005c1e00000, 0x00000005d7380000, 0x0000000715f80000)
  object space 349696K, 0% used [0x00000005c1e00000,0x00000005c1e06000,0x00000005d7380000)
 Metaspace       used 20484K, capacity 21218K, committed 21296K, reserved 1067008K
  class space    used 2718K, capacity 2922K, committed 2944K, reserved 1048576K
Event: 5.007 GC heap after
Heap after GC invocations=3 (full 1):
 PSYoungGen      total 284672K, used 0K [0x0000000715f80000, 0x0000000728a80000, 0x00000007c0000000)
  eden space 263168K, 0% used [0x0000000715f80000,0x0000000715f80000,0x0000000726080000)
  from space 21504K, 0% used [0x0000000727580000,0x0000000727580000,0x0000000728a80000)
  to   space 21504K, 0% used [0x0000000726080000,0x0000000726080000,0x0000000727580000)
 ParOldGen       total 204288K, used 10714K [0x00000005c1e00000, 0x00000005ce580000, 0x0000000715f80000)
  object space 204288K, 5% used [0x00000005c1e00000,0x00000005c2876970,0x00000005ce580000)
 Metaspace       used 20482K, capacity 21212K, committed 21296K, reserved 1067008K
  class space    used 2718K, capacity 2921K, committed 2944K, reserved 1048576K
}
Event: 8.651 GC heap before
{Heap before GC invocations=4 (full 1):
 PSYoungGen      total 284672K, used 263168K [0x0000000715f80000, 0x0000000728a80000, 0x00000007c0000000)
  eden space 263168K, 100% used [0x0000000715f80000,0x0000000726080000,0x0000000726080000)
  from space 21504K, 0% used [0x0000000727580000,0x0000000727580000,0x0000000728a80000)
  to   space 21504K, 0% used [0x0000000726080000,0x0000000726080000,0x0000000727580000)
 ParOldGen       total 204288K, used 10714K [0x00000005c1e00000, 0x00000005ce580000, 0x0000000715f80000)
  object space 204288K, 5% used [0x00000005c1e00000,0x00000005c2876970,0x00000005ce580000)
 Metaspace       used 29627K, capacity 30868K, committed 30976K, reserved 1075200K
  class space    used 4041K, capacity 4332K, committed 4352K, reserved 1048576K
Event: 8.705 GC heap after
Heap after GC invocations=4 (full 1):
 PSYoungGen      total 284672K, used 14423K [0x0000000715f80000, 0x0000000731880000, 0x00000007c0000000)
  eden space 263168K, 0% used [0x0000000715f80000,0x0000000715f80000,0x0000000726080000)
  from space 21504K, 67% used [0x0000000726080000,0x0000000726e95e98,0x0000000727580000)
  to   space 21504K, 0% used [0x0000000730380000,0x0000000730380000,0x0000000731880000)
 ParOldGen       total 204288K, used 10714K [0x00000005c1e00000, 0x00000005ce580000, 0x0000000715f80000)
  object space 204288K, 5% used [0x00000005c1e00000,0x00000005c2876970,0x00000005ce580000)
 Metaspace       used 29627K, capacity 30868K, committed 30976K, reserved 1075200K
  class space    used 4041K, capacity 4332K, committed 4352K, reserved 1048576K
}
Event: 10.300 GC heap before
{Heap before GC invocations=5 (full 1):
 PSYoungGen      total 284672K, used 93558K [0x0000000715f80000, 0x0000000731880000, 0x00000007c0000000)
  eden space 263168K, 30% used [0x0000000715f80000,0x000000071acc79f8,0x0000000726080000)
  from space 21504K, 67% used [0x0000000726080000,0x0000000726e95e98,0x0000000727580000)
  to   space 21504K, 0% used [0x0000000730380000,0x0000000730380000,0x0000000731880000)
 ParOldGen       total 204288K, used 10714K [0x00000005c1e00000, 0x00000005ce580000, 0x0000000715f80000)
  object space 204288K, 5% used [0x00000005c1e00000,0x00000005c2876970,0x00000005ce580000)
 Metaspace       used 33663K, capacity 35330K, committed 35456K, reserved 1079296K
  class space    used 4570K, capacity 4889K, committed 4992K, reserved 1048576K
Event: 10.378 GC heap after
Heap after GC invocations=5 (full 1):
 PSYoungGen      total 430080K, used 12452K [0x0000000715f80000, 0x0000000733900000, 0x00000007c0000000)
  eden space 408576K, 0% used [0x0000000715f80000,0x0000000715f80000,0x000000072ee80000)
  from space 21504K, 57% used [0x0000000730380000,0x0000000730fa9258,0x0000000731880000)
  to   space 21504K, 0% used [0x000000072ee80000,0x000000072ee80000,0x0000000730380000)
 ParOldGen       total 204288K, used 10786K [0x00000005c1e00000, 0x00000005ce580000, 0x0000000715f80000)
  object space 204288K, 5% used [0x00000005c1e00000,0x00000005c2888980,0x00000005ce580000)
 Metaspace       used 33663K, capacity 35330K, committed 35456K, reserved 1079296K
  class space    used 4570K, capacity 4889K, committed 4992K, reserved 1048576K
}
Event: 10.378 GC heap before
{Heap before GC invocations=6 (full 2):
 PSYoungGen      total 430080K, used 12452K [0x0000000715f80000, 0x0000000733900000, 0x00000007c0000000)
  eden space 408576K, 0% used [0x0000000715f80000,0x0000000715f80000,0x000000072ee80000)
  from space 21504K, 57% used [0x0000000730380000,0x0000000730fa9258,0x0000000731880000)
  to   space 21504K, 0% used [0x000000072ee80000,0x000000072ee80000,0x0000000730380000)
 ParOldGen       total 204288K, used 10786K [0x00000005c1e00000, 0x00000005ce580000, 0x0000000715f80000)
  object space 204288K, 5% used [0x00000005c1e00000,0x00000005c2888980,0x00000005ce580000)
 Metaspace       used 33663K, capacity 35330K, committed 35456K, reserved 1079296K
  class space    used 4570K, capacity 4889K, committed 4992K, reserved 1048576K
Event: 10.515 GC heap after
Heap after GC invocations=6 (full 2):
 PSYoungGen      total 430080K, used 0K [0x0000000715f80000, 0x0000000733900000, 0x00000007c0000000)
  eden space 408576K, 0% used [0x0000000715f80000,0x0000000715f80000,0x000000072ee80000)
  from space 21504K, 0% used [0x0000000730380000,0x0000000730380000,0x0000000731880000)
  to   space 21504K, 0% used [0x000000072ee80000,0x000000072ee80000,0x0000000730380000)
 ParOldGen       total 300544K, used 17888K [0x00000005c1e00000, 0x00000005d4380000, 0x0000000715f80000)
  object space 300544K, 5% used [0x00000005c1e00000,0x00000005c2f78150,0x00000005d4380000)
 Metaspace       used 33663K, capacity 35330K, committed 35456K, reserved 1079296K
  class space    used 4570K, capacity 4889K, committed 4992K, reserved 1048576K
}

